<?xml version="1.0" encoding="UTF-8"?>
<!-- Generated by org.testng.reporters.JUnitReportReporter -->
<testsuite hostname="Rahulsbook" failures="0" tests="1" name="com.nopcommerce.tests.ProfileTest" time="0.680" errors="0" timestamp="2025-09-07T17:18:47 IST" skipped="0">
  <testcase classname="com.nopcommerce.tests.ProfileTest" name="updateProfileInfo" time="0.680"/>
</testsuite> <!-- com.nopcommerce.tests.ProfileTest -->
