<?xml version="1.0" encoding="UTF-8"?>
<!-- Generated by org.testng.reporters.JUnitReportReporter -->
<testsuite hostname="Ruchithas-MacBook-Air.local" failures="0" tests="1" name="com.nopcommerce.tests.PollTest" time="4.048" errors="0" timestamp="2025-09-08T13:22:41 IST" skipped="0">
  <testcase classname="com.nopcommerce.tests.PollTest" name="testVotePoll" time="4.048"/>
</testsuite> <!-- com.nopcommerce.tests.PollTest -->
