<?xml version="1.0" encoding="UTF-8"?>
<!-- Generated by org.testng.reporters.JUnitReportReporter -->
<testsuite hostname="Ruchithas-MacBook-Air.local" failures="0" tests="1" name="com.nopcommerce.tests.SocialMediaTest" time="53.067" errors="0" timestamp="2025-09-08T13:22:41 IST" skipped="0">
  <testcase classname="com.nopcommerce.tests.SocialMediaTest" name="testSocialMediaLinks" time="53.067"/>
</testsuite> <!-- com.nopcommerce.tests.SocialMediaTest -->
