<?xml version="1.0" encoding="UTF-8"?>
<!-- Generated by org.testng.reporters.JUnitReportReporter -->
<testsuite hostname="Ruchithas-MacBook-Air.local" failures="0" tests="1" name="com.nopcommerce.tests.RegisterTest" time="26.823" errors="0" timestamp="2025-09-08T13:22:41 IST" skipped="0">
  <testcase classname="com.nopcommerce.tests.RegisterTest" name="registerWithValidData" time="26.823"/>
</testsuite> <!-- com.nopcommerce.tests.RegisterTest -->
