<?xml version="1.0" encoding="UTF-8"?>
<!-- Generated by org.testng.reporters.JUnitReportReporter -->
<testsuite hostname="Ruchithas-MacBook-Air.local" failures="0" tests="2" name="com.nopcommerce.tests.SearchTest" time="8.189" errors="0" timestamp="2025-09-08T13:22:41 IST" skipped="0">
  <testcase classname="com.nopcommerce.tests.SearchTest" name="testInvalidSearch_NoProductFound" time="2.736"/>
  <testcase classname="com.nopcommerce.tests.SearchTest" name="testValidSearchAndClickProduct" time="5.453"/>
</testsuite> <!-- com.nopcommerce.tests.SearchTest -->
