<?xml version="1.0" encoding="UTF-8"?>
<!-- Generated by org.testng.reporters.JUnitReportReporter -->
<testsuite hostname="Ruchithas-MacBook-Air.local" failures="0" tests="1" name="com.nopcommerce.tests.LogoutTest" time="8.585" errors="0" timestamp="2025-09-08T13:22:41 IST" skipped="0">
  <testcase classname="com.nopcommerce.tests.LogoutTest" name="testLogout" time="8.585"/>
</testsuite> <!-- com.nopcommerce.tests.LogoutTest -->
