<?xml version="1.0" encoding="UTF-8"?>
<!-- Generated by org.testng.reporters.JUnitReportReporter -->
<testsuite hostname="Ruchithas-MacBook-Air.local" failures="0" tests="1" name="com.nopcommerce.tests.RecentlyViewedProductsTest" time="3.768" errors="0" timestamp="2025-09-08T13:22:41 IST" skipped="0">
  <testcase classname="com.nopcommerce.tests.RecentlyViewedProductsTest" name="testRecentlyViewedProductsPage" time="3.768"/>
</testsuite> <!-- com.nopcommerce.tests.RecentlyViewedProductsTest -->
