<?xml version="1.0" encoding="UTF-8"?>
<!-- Generated by org.testng.reporters.JUnitReportReporter -->
<testsuite hostname="Ruchithas-MacBook-Air.local" failures="0" tests="2" name="com.nopcommerce.tests.ProductTest" time="13.214" errors="0" timestamp="2025-09-08T13:22:41 IST" skipped="0">
  <testcase classname="com.nopcommerce.tests.ProductTest" name="testAddProductToCart" time="7.435"/>
  <testcase classname="com.nopcommerce.tests.ProductTest" name="testAddProductToWishlist" time="5.779"/>
</testsuite> <!-- com.nopcommerce.tests.ProductTest -->
